  [1m[36m (0.4ms)[0m  [1mCREATE DATABASE `myawesomestartup_development` DEFAULT CHARACTER SET `utf8` COLLATE `utf8_unicode_ci`[0m
  [1m[36m (13.7ms)[0m  [1mCREATE TABLE `schema_migrations` (`version` varchar(255) NOT NULL) ENGINE=InnoDB[0m
  [1m[35m (42.7ms)[0m  CREATE UNIQUE INDEX `unique_schema_migrations`  ON `schema_migrations` (`version`) 
  [1m[36mActiveRecord::SchemaMigration Load (0.2ms)[0m  [1mSELECT `schema_migrations`.* FROM `schema_migrations`[0m


Started GET "/" for 127.0.0.1 at 2015-08-09 20:43:55 +0300
Processing by Rails::WelcomeController#index as HTML
  Rendered /home/authorised/.rvm/gems/ruby-2.2.2@myawesomestartup/gems/railties-4.2.3/lib/rails/templates/rails/welcome/index.html.erb (1.5ms)
Completed 200 OK in 12ms (Views: 5.7ms | ActiveRecord: 0.0ms)


Started GET "/" for 127.0.0.1 at 2015-08-09 20:44:12 +0300
Processing by AwesomeController#index as HTML
Completed 500 Internal Server Error in 3ms (ActiveRecord: 0.0ms)

ActionView::MissingTemplate (Missing template awesome/index, application/index with {:locale=>[:en], :formats=>[:html], :variants=>[], :handlers=>[:erb, :builder, :raw, :ruby, :slim, :coffee, :jbuilder]}. Searched in:
  * "/home/authorised/projects/myawesomestartup/app/views"
):
  app/controllers/awesome_controller.rb:3:in `index'


  Rendered /home/authorised/.rvm/gems/ruby-2.2.2@myawesomestartup/gems/actionpack-4.2.3/lib/action_dispatch/middleware/templates/rescues/_source.erb (3.3ms)
  Rendered /home/authorised/.rvm/gems/ruby-2.2.2@myawesomestartup/gems/actionpack-4.2.3/lib/action_dispatch/middleware/templates/rescues/_trace.html.erb (1.6ms)
  Rendered /home/authorised/.rvm/gems/ruby-2.2.2@myawesomestartup/gems/actionpack-4.2.3/lib/action_dispatch/middleware/templates/rescues/_request_and_response.html.erb (1.3ms)
  Rendered /home/authorised/.rvm/gems/ruby-2.2.2@myawesomestartup/gems/actionpack-4.2.3/lib/action_dispatch/middleware/templates/rescues/missing_template.html.erb within rescues/layout (17.5ms)
  Rendered /home/authorised/.rvm/gems/ruby-2.2.2@myawesomestartup/gems/web-console-2.2.1/lib/web_console/templates/_markup.html.erb (0.3ms)
  Rendered /home/authorised/.rvm/gems/ruby-2.2.2@myawesomestartup/gems/web-console-2.2.1/lib/web_console/templates/_inner_console_markup.html.erb within layouts/inlined_string (0.2ms)
  Rendered /home/authorised/.rvm/gems/ruby-2.2.2@myawesomestartup/gems/web-console-2.2.1/lib/web_console/templates/_prompt_box_markup.html.erb within layouts/inlined_string (0.2ms)
  Rendered /home/authorised/.rvm/gems/ruby-2.2.2@myawesomestartup/gems/web-console-2.2.1/lib/web_console/templates/style.css.erb within layouts/inlined_string (0.2ms)
  Rendered /home/authorised/.rvm/gems/ruby-2.2.2@myawesomestartup/gems/web-console-2.2.1/lib/web_console/templates/console.js.erb within layouts/javascript (13.4ms)
  Rendered /home/authorised/.rvm/gems/ruby-2.2.2@myawesomestartup/gems/web-console-2.2.1/lib/web_console/templates/main.js.erb within layouts/javascript (0.3ms)
  Rendered /home/authorised/.rvm/gems/ruby-2.2.2@myawesomestartup/gems/web-console-2.2.1/lib/web_console/templates/error_page.js.erb within layouts/javascript (0.3ms)
  Rendered /home/authorised/.rvm/gems/ruby-2.2.2@myawesomestartup/gems/web-console-2.2.1/lib/web_console/templates/index.html.erb (32.9ms)


Started GET "/" for 127.0.0.1 at 2015-08-09 20:44:45 +0300
Processing by AwesomeController#index as HTML
  Rendered awesome/index.html.slim within layouts/application (21.0ms)
Completed 500 Internal Server Error in 35ms (ActiveRecord: 0.0ms)

SyntaxError (/home/authorised/projects/myawesomestartup/app/views/layouts/application.html.slim:6: syntax error, unexpected ')'
...ta-turbolinks-track' => true %))).to_s)); 
...                               ^
/home/authorised/projects/myawesomestartup/app/views/layouts/application.html.slim:11: syntax error, unexpected keyword_ensure, expecting ')'
/home/authorised/projects/myawesomestartup/app/views/layouts/application.html.slim:13: syntax error, unexpected keyword_end, expecting ')'):
  app/views/layouts/application.html.slim:6: syntax error, unexpected ')'
  app/views/layouts/application.html.slim:11: syntax error, unexpected keyword_ensure, expecting ')'
  app/views/layouts/application.html.slim:13: syntax error, unexpected keyword_end, expecting ')'
  app/controllers/awesome_controller.rb:3:in `index'


  Rendered /home/authorised/.rvm/gems/ruby-2.2.2@myawesomestartup/gems/actionpack-4.2.3/lib/action_dispatch/middleware/templates/rescues/_source.erb (3.8ms)
  Rendered /home/authorised/.rvm/gems/ruby-2.2.2@myawesomestartup/gems/actionpack-4.2.3/lib/action_dispatch/middleware/templates/rescues/_trace.html.erb (1.6ms)
  Rendered /home/authorised/.rvm/gems/ruby-2.2.2@myawesomestartup/gems/actionpack-4.2.3/lib/action_dispatch/middleware/templates/rescues/_request_and_response.html.erb (0.7ms)
  Rendered /home/authorised/.rvm/gems/ruby-2.2.2@myawesomestartup/gems/actionpack-4.2.3/lib/action_dispatch/middleware/templates/rescues/diagnostics.html.erb within rescues/layout (16.8ms)
  Rendered /home/authorised/.rvm/gems/ruby-2.2.2@myawesomestartup/gems/web-console-2.2.1/lib/web_console/templates/_markup.html.erb (0.2ms)
  Rendered /home/authorised/.rvm/gems/ruby-2.2.2@myawesomestartup/gems/web-console-2.2.1/lib/web_console/templates/_inner_console_markup.html.erb within layouts/inlined_string (0.2ms)
  Rendered /home/authorised/.rvm/gems/ruby-2.2.2@myawesomestartup/gems/web-console-2.2.1/lib/web_console/templates/_prompt_box_markup.html.erb within layouts/inlined_string (0.2ms)
  Rendered /home/authorised/.rvm/gems/ruby-2.2.2@myawesomestartup/gems/web-console-2.2.1/lib/web_console/templates/style.css.erb within layouts/inlined_string (0.4ms)
  Rendered /home/authorised/.rvm/gems/ruby-2.2.2@myawesomestartup/gems/web-console-2.2.1/lib/web_console/templates/console.js.erb within layouts/javascript (12.0ms)
  Rendered /home/authorised/.rvm/gems/ruby-2.2.2@myawesomestartup/gems/web-console-2.2.1/lib/web_console/templates/main.js.erb within layouts/javascript (0.4ms)
  Rendered /home/authorised/.rvm/gems/ruby-2.2.2@myawesomestartup/gems/web-console-2.2.1/lib/web_console/templates/error_page.js.erb within layouts/javascript (0.2ms)
  Rendered /home/authorised/.rvm/gems/ruby-2.2.2@myawesomestartup/gems/web-console-2.2.1/lib/web_console/templates/index.html.erb (26.8ms)


Started GET "/" for 127.0.0.1 at 2015-08-09 20:44:52 +0300
Processing by AwesomeController#index as HTML
  Rendered awesome/index.html.slim within layouts/application (0.0ms)
Completed 500 Internal Server Error in 4ms (ActiveRecord: 0.0ms)

SyntaxError (/home/authorised/projects/myawesomestartup/app/views/layouts/application.html.slim:6: syntax error, unexpected ')'
...ta-turbolinks-track' => true %))).to_s)); 
...                               ^
/home/authorised/projects/myawesomestartup/app/views/layouts/application.html.slim:11: syntax error, unexpected keyword_ensure, expecting ')'
/home/authorised/projects/myawesomestartup/app/views/layouts/application.html.slim:13: syntax error, unexpected keyword_end, expecting ')'):
  app/views/layouts/application.html.slim:6: syntax error, unexpected ')'
  app/views/layouts/application.html.slim:11: syntax error, unexpected keyword_ensure, expecting ')'
  app/views/layouts/application.html.slim:13: syntax error, unexpected keyword_end, expecting ')'
  app/controllers/awesome_controller.rb:3:in `index'


  Rendered /home/authorised/.rvm/gems/ruby-2.2.2@myawesomestartup/gems/actionpack-4.2.3/lib/action_dispatch/middleware/templates/rescues/_source.erb (3.6ms)
  Rendered /home/authorised/.rvm/gems/ruby-2.2.2@myawesomestartup/gems/actionpack-4.2.3/lib/action_dispatch/middleware/templates/rescues/_trace.html.erb (1.7ms)
  Rendered /home/authorised/.rvm/gems/ruby-2.2.2@myawesomestartup/gems/actionpack-4.2.3/lib/action_dispatch/middleware/templates/rescues/_request_and_response.html.erb (0.6ms)
  Rendered /home/authorised/.rvm/gems/ruby-2.2.2@myawesomestartup/gems/actionpack-4.2.3/lib/action_dispatch/middleware/templates/rescues/diagnostics.html.erb within rescues/layout (17.1ms)
  Rendered /home/authorised/.rvm/gems/ruby-2.2.2@myawesomestartup/gems/web-console-2.2.1/lib/web_console/templates/_markup.html.erb (0.2ms)
  Rendered /home/authorised/.rvm/gems/ruby-2.2.2@myawesomestartup/gems/web-console-2.2.1/lib/web_console/templates/_inner_console_markup.html.erb within layouts/inlined_string (0.2ms)
  Rendered /home/authorised/.rvm/gems/ruby-2.2.2@myawesomestartup/gems/web-console-2.2.1/lib/web_console/templates/_prompt_box_markup.html.erb within layouts/inlined_string (0.2ms)
  Rendered /home/authorised/.rvm/gems/ruby-2.2.2@myawesomestartup/gems/web-console-2.2.1/lib/web_console/templates/style.css.erb within layouts/inlined_string (0.2ms)
  Rendered /home/authorised/.rvm/gems/ruby-2.2.2@myawesomestartup/gems/web-console-2.2.1/lib/web_console/templates/console.js.erb within layouts/javascript (12.1ms)
  Rendered /home/authorised/.rvm/gems/ruby-2.2.2@myawesomestartup/gems/web-console-2.2.1/lib/web_console/templates/main.js.erb within layouts/javascript (0.2ms)
  Rendered /home/authorised/.rvm/gems/ruby-2.2.2@myawesomestartup/gems/web-console-2.2.1/lib/web_console/templates/error_page.js.erb within layouts/javascript (0.4ms)
  Rendered /home/authorised/.rvm/gems/ruby-2.2.2@myawesomestartup/gems/web-console-2.2.1/lib/web_console/templates/index.html.erb (24.5ms)


Started GET "/" for 127.0.0.1 at 2015-08-09 20:45:10 +0300
Processing by AwesomeController#index as HTML
  Rendered awesome/index.html.slim within layouts/application (0.0ms)
Completed 200 OK in 3ms (Views: 3.2ms | ActiveRecord: 0.0ms)


Started POST "/main" for 127.0.0.1 at 2015-08-09 20:45:28 +0300

ActionController::RoutingError (No route matches [POST] "/main"):
  actionpack (4.2.3) lib/action_dispatch/middleware/debug_exceptions.rb:21:in `call'
  web-console (2.2.1) lib/web_console/middleware.rb:39:in `call'
  actionpack (4.2.3) lib/action_dispatch/middleware/show_exceptions.rb:30:in `call'
  railties (4.2.3) lib/rails/rack/logger.rb:38:in `call_app'
  railties (4.2.3) lib/rails/rack/logger.rb:20:in `block in call'
  activesupport (4.2.3) lib/active_support/tagged_logging.rb:68:in `block in tagged'
  activesupport (4.2.3) lib/active_support/tagged_logging.rb:26:in `tagged'
  activesupport (4.2.3) lib/active_support/tagged_logging.rb:68:in `tagged'
  railties (4.2.3) lib/rails/rack/logger.rb:20:in `call'
  actionpack (4.2.3) lib/action_dispatch/middleware/request_id.rb:21:in `call'
  rack (1.6.4) lib/rack/methodoverride.rb:22:in `call'
  rack (1.6.4) lib/rack/runtime.rb:18:in `call'
  activesupport (4.2.3) lib/active_support/cache/strategy/local_cache_middleware.rb:28:in `call'
  rack (1.6.4) lib/rack/lock.rb:17:in `call'
  actionpack (4.2.3) lib/action_dispatch/middleware/static.rb:116:in `call'
  rack (1.6.4) lib/rack/sendfile.rb:113:in `call'
  railties (4.2.3) lib/rails/engine.rb:518:in `call'
  railties (4.2.3) lib/rails/application.rb:165:in `call'
  rack (1.6.4) lib/rack/lock.rb:17:in `call'
  rack (1.6.4) lib/rack/content_length.rb:15:in `call'
  rack (1.6.4) lib/rack/handler/webrick.rb:88:in `service'
  /home/authorised/.rvm/rubies/ruby-2.2.2/lib/ruby/2.2.0/webrick/httpserver.rb:138:in `service'
  /home/authorised/.rvm/rubies/ruby-2.2.2/lib/ruby/2.2.0/webrick/httpserver.rb:94:in `run'
  /home/authorised/.rvm/rubies/ruby-2.2.2/lib/ruby/2.2.0/webrick/server.rb:294:in `block in start_thread'


  Rendered /home/authorised/.rvm/gems/ruby-2.2.2@myawesomestartup/gems/actionpack-4.2.3/lib/action_dispatch/middleware/templates/rescues/_trace.html.erb (0.8ms)
  Rendered /home/authorised/.rvm/gems/ruby-2.2.2@myawesomestartup/gems/actionpack-4.2.3/lib/action_dispatch/middleware/templates/routes/_route.html.erb (1.1ms)
  Rendered /home/authorised/.rvm/gems/ruby-2.2.2@myawesomestartup/gems/actionpack-4.2.3/lib/action_dispatch/middleware/templates/routes/_table.html.erb (4.3ms)
  Rendered /home/authorised/.rvm/gems/ruby-2.2.2@myawesomestartup/gems/actionpack-4.2.3/lib/action_dispatch/middleware/templates/rescues/_request_and_response.html.erb (0.9ms)
  Rendered /home/authorised/.rvm/gems/ruby-2.2.2@myawesomestartup/gems/actionpack-4.2.3/lib/action_dispatch/middleware/templates/rescues/routing_error.html.erb within rescues/layout (22.9ms)
  Rendered /home/authorised/.rvm/gems/ruby-2.2.2@myawesomestartup/gems/web-console-2.2.1/lib/web_console/templates/_markup.html.erb (0.2ms)
  Rendered /home/authorised/.rvm/gems/ruby-2.2.2@myawesomestartup/gems/web-console-2.2.1/lib/web_console/templates/_inner_console_markup.html.erb within layouts/inlined_string (0.2ms)
  Rendered /home/authorised/.rvm/gems/ruby-2.2.2@myawesomestartup/gems/web-console-2.2.1/lib/web_console/templates/_prompt_box_markup.html.erb within layouts/inlined_string (0.2ms)
  Rendered /home/authorised/.rvm/gems/ruby-2.2.2@myawesomestartup/gems/web-console-2.2.1/lib/web_console/templates/style.css.erb within layouts/inlined_string (0.2ms)
  Rendered /home/authorised/.rvm/gems/ruby-2.2.2@myawesomestartup/gems/web-console-2.2.1/lib/web_console/templates/console.js.erb within layouts/javascript (11.6ms)
  Rendered /home/authorised/.rvm/gems/ruby-2.2.2@myawesomestartup/gems/web-console-2.2.1/lib/web_console/templates/main.js.erb within layouts/javascript (0.2ms)
  Rendered /home/authorised/.rvm/gems/ruby-2.2.2@myawesomestartup/gems/web-console-2.2.1/lib/web_console/templates/error_page.js.erb within layouts/javascript (0.2ms)
  Rendered /home/authorised/.rvm/gems/ruby-2.2.2@myawesomestartup/gems/web-console-2.2.1/lib/web_console/templates/index.html.erb (23.3ms)


Started POST "/main" for 127.0.0.1 at 2015-08-09 20:53:22 +0300

ActionController::RoutingError (No route matches [POST] "/main"):
  actionpack (4.2.3) lib/action_dispatch/middleware/debug_exceptions.rb:21:in `call'
  web-console (2.2.1) lib/web_console/middleware.rb:39:in `call'
  actionpack (4.2.3) lib/action_dispatch/middleware/show_exceptions.rb:30:in `call'
  railties (4.2.3) lib/rails/rack/logger.rb:38:in `call_app'
  railties (4.2.3) lib/rails/rack/logger.rb:20:in `block in call'
  activesupport (4.2.3) lib/active_support/tagged_logging.rb:68:in `block in tagged'
  activesupport (4.2.3) lib/active_support/tagged_logging.rb:26:in `tagged'
  activesupport (4.2.3) lib/active_support/tagged_logging.rb:68:in `tagged'
  railties (4.2.3) lib/rails/rack/logger.rb:20:in `call'
  actionpack (4.2.3) lib/action_dispatch/middleware/request_id.rb:21:in `call'
  rack (1.6.4) lib/rack/methodoverride.rb:22:in `call'
  rack (1.6.4) lib/rack/runtime.rb:18:in `call'
  activesupport (4.2.3) lib/active_support/cache/strategy/local_cache_middleware.rb:28:in `call'
  rack (1.6.4) lib/rack/lock.rb:17:in `call'
  actionpack (4.2.3) lib/action_dispatch/middleware/static.rb:116:in `call'
  rack (1.6.4) lib/rack/sendfile.rb:113:in `call'
  railties (4.2.3) lib/rails/engine.rb:518:in `call'
  railties (4.2.3) lib/rails/application.rb:165:in `call'
  rack (1.6.4) lib/rack/lock.rb:17:in `call'
  rack (1.6.4) lib/rack/content_length.rb:15:in `call'
  rack (1.6.4) lib/rack/handler/webrick.rb:88:in `service'
  /home/authorised/.rvm/rubies/ruby-2.2.2/lib/ruby/2.2.0/webrick/httpserver.rb:138:in `service'
  /home/authorised/.rvm/rubies/ruby-2.2.2/lib/ruby/2.2.0/webrick/httpserver.rb:94:in `run'
  /home/authorised/.rvm/rubies/ruby-2.2.2/lib/ruby/2.2.0/webrick/server.rb:294:in `block in start_thread'


  Rendered /home/authorised/.rvm/gems/ruby-2.2.2@myawesomestartup/gems/actionpack-4.2.3/lib/action_dispatch/middleware/templates/rescues/_trace.html.erb (2.4ms)
  Rendered /home/authorised/.rvm/gems/ruby-2.2.2@myawesomestartup/gems/actionpack-4.2.3/lib/action_dispatch/middleware/templates/routes/_route.html.erb (1.1ms)
  Rendered /home/authorised/.rvm/gems/ruby-2.2.2@myawesomestartup/gems/actionpack-4.2.3/lib/action_dispatch/middleware/templates/routes/_table.html.erb (7.1ms)
  Rendered /home/authorised/.rvm/gems/ruby-2.2.2@myawesomestartup/gems/actionpack-4.2.3/lib/action_dispatch/middleware/templates/rescues/_request_and_response.html.erb (7.3ms)
  Rendered /home/authorised/.rvm/gems/ruby-2.2.2@myawesomestartup/gems/actionpack-4.2.3/lib/action_dispatch/middleware/templates/rescues/routing_error.html.erb within rescues/layout (39.5ms)
  Rendered /home/authorised/.rvm/gems/ruby-2.2.2@myawesomestartup/gems/web-console-2.2.1/lib/web_console/templates/_markup.html.erb (0.6ms)
  Rendered /home/authorised/.rvm/gems/ruby-2.2.2@myawesomestartup/gems/web-console-2.2.1/lib/web_console/templates/_inner_console_markup.html.erb within layouts/inlined_string (0.3ms)
  Rendered /home/authorised/.rvm/gems/ruby-2.2.2@myawesomestartup/gems/web-console-2.2.1/lib/web_console/templates/_prompt_box_markup.html.erb within layouts/inlined_string (0.2ms)
  Rendered /home/authorised/.rvm/gems/ruby-2.2.2@myawesomestartup/gems/web-console-2.2.1/lib/web_console/templates/style.css.erb within layouts/inlined_string (0.2ms)
  Rendered /home/authorised/.rvm/gems/ruby-2.2.2@myawesomestartup/gems/web-console-2.2.1/lib/web_console/templates/console.js.erb within layouts/javascript (14.1ms)
  Rendered /home/authorised/.rvm/gems/ruby-2.2.2@myawesomestartup/gems/web-console-2.2.1/lib/web_console/templates/main.js.erb within layouts/javascript (0.2ms)
  Rendered /home/authorised/.rvm/gems/ruby-2.2.2@myawesomestartup/gems/web-console-2.2.1/lib/web_console/templates/error_page.js.erb within layouts/javascript (0.2ms)
  Rendered /home/authorised/.rvm/gems/ruby-2.2.2@myawesomestartup/gems/web-console-2.2.1/lib/web_console/templates/index.html.erb (42.3ms)


Started POST "/main" for 127.0.0.1 at 2015-08-09 20:53:31 +0300

ActionController::RoutingError (No route matches [POST] "/main"):
  actionpack (4.2.3) lib/action_dispatch/middleware/debug_exceptions.rb:21:in `call'
  web-console (2.2.1) lib/web_console/middleware.rb:39:in `call'
  actionpack (4.2.3) lib/action_dispatch/middleware/show_exceptions.rb:30:in `call'
  railties (4.2.3) lib/rails/rack/logger.rb:38:in `call_app'
  railties (4.2.3) lib/rails/rack/logger.rb:20:in `block in call'
  activesupport (4.2.3) lib/active_support/tagged_logging.rb:68:in `block in tagged'
  activesupport (4.2.3) lib/active_support/tagged_logging.rb:26:in `tagged'
  activesupport (4.2.3) lib/active_support/tagged_logging.rb:68:in `tagged'
  railties (4.2.3) lib/rails/rack/logger.rb:20:in `call'
  actionpack (4.2.3) lib/action_dispatch/middleware/request_id.rb:21:in `call'
  rack (1.6.4) lib/rack/methodoverride.rb:22:in `call'
  rack (1.6.4) lib/rack/runtime.rb:18:in `call'
  activesupport (4.2.3) lib/active_support/cache/strategy/local_cache_middleware.rb:28:in `call'
  rack (1.6.4) lib/rack/lock.rb:17:in `call'
  actionpack (4.2.3) lib/action_dispatch/middleware/static.rb:116:in `call'
  rack (1.6.4) lib/rack/sendfile.rb:113:in `call'
  railties (4.2.3) lib/rails/engine.rb:518:in `call'
  railties (4.2.3) lib/rails/application.rb:165:in `call'
  rack (1.6.4) lib/rack/lock.rb:17:in `call'
  rack (1.6.4) lib/rack/content_length.rb:15:in `call'
  rack (1.6.4) lib/rack/handler/webrick.rb:88:in `service'
  /home/authorised/.rvm/rubies/ruby-2.2.2/lib/ruby/2.2.0/webrick/httpserver.rb:138:in `service'
  /home/authorised/.rvm/rubies/ruby-2.2.2/lib/ruby/2.2.0/webrick/httpserver.rb:94:in `run'
  /home/authorised/.rvm/rubies/ruby-2.2.2/lib/ruby/2.2.0/webrick/server.rb:294:in `block in start_thread'


  Rendered /home/authorised/.rvm/gems/ruby-2.2.2@myawesomestartup/gems/actionpack-4.2.3/lib/action_dispatch/middleware/templates/rescues/_trace.html.erb (1.0ms)
  Rendered /home/authorised/.rvm/gems/ruby-2.2.2@myawesomestartup/gems/actionpack-4.2.3/lib/action_dispatch/middleware/templates/routes/_route.html.erb (0.8ms)
  Rendered /home/authorised/.rvm/gems/ruby-2.2.2@myawesomestartup/gems/actionpack-4.2.3/lib/action_dispatch/middleware/templates/routes/_table.html.erb (1.0ms)
  Rendered /home/authorised/.rvm/gems/ruby-2.2.2@myawesomestartup/gems/actionpack-4.2.3/lib/action_dispatch/middleware/templates/rescues/_request_and_response.html.erb (1.3ms)
  Rendered /home/authorised/.rvm/gems/ruby-2.2.2@myawesomestartup/gems/actionpack-4.2.3/lib/action_dispatch/middleware/templates/rescues/routing_error.html.erb within rescues/layout (19.6ms)
  Rendered /home/authorised/.rvm/gems/ruby-2.2.2@myawesomestartup/gems/web-console-2.2.1/lib/web_console/templates/_markup.html.erb (0.5ms)
  Rendered /home/authorised/.rvm/gems/ruby-2.2.2@myawesomestartup/gems/web-console-2.2.1/lib/web_console/templates/_inner_console_markup.html.erb within layouts/inlined_string (0.3ms)
  Rendered /home/authorised/.rvm/gems/ruby-2.2.2@myawesomestartup/gems/web-console-2.2.1/lib/web_console/templates/_prompt_box_markup.html.erb within layouts/inlined_string (0.2ms)
  Rendered /home/authorised/.rvm/gems/ruby-2.2.2@myawesomestartup/gems/web-console-2.2.1/lib/web_console/templates/style.css.erb within layouts/inlined_string (0.2ms)
  Rendered /home/authorised/.rvm/gems/ruby-2.2.2@myawesomestartup/gems/web-console-2.2.1/lib/web_console/templates/console.js.erb within layouts/javascript (12.9ms)
  Rendered /home/authorised/.rvm/gems/ruby-2.2.2@myawesomestartup/gems/web-console-2.2.1/lib/web_console/templates/main.js.erb within layouts/javascript (0.1ms)
  Rendered /home/authorised/.rvm/gems/ruby-2.2.2@myawesomestartup/gems/web-console-2.2.1/lib/web_console/templates/error_page.js.erb within layouts/javascript (0.2ms)
  Rendered /home/authorised/.rvm/gems/ruby-2.2.2@myawesomestartup/gems/web-console-2.2.1/lib/web_console/templates/index.html.erb (26.3ms)


Started GET "/" for 127.0.0.1 at 2015-08-09 20:53:35 +0300
Processing by AwesomeController#index as HTML
  Rendered awesome/index.html.slim within layouts/application (8.4ms)
Completed 200 OK in 12ms (Views: 11.8ms | ActiveRecord: 0.0ms)


Started GET "/" for 127.0.0.1 at 2015-08-09 20:53:37 +0300
Processing by AwesomeController#index as HTML
  Rendered awesome/index.html.slim within layouts/application (0.0ms)
Completed 200 OK in 1ms (Views: 1.1ms | ActiveRecord: 0.0ms)


Started POST "/awesome" for 127.0.0.1 at 2015-08-09 20:53:38 +0300
Processing by AwesomeController#create as HTML
Can't verify CSRF token authenticity
Completed 422 Unprocessable Entity in 0ms (ActiveRecord: 0.0ms)

ActionController::InvalidAuthenticityToken (ActionController::InvalidAuthenticityToken):
  actionpack (4.2.3) lib/action_controller/metal/request_forgery_protection.rb:181:in `handle_unverified_request'
  actionpack (4.2.3) lib/action_controller/metal/request_forgery_protection.rb:209:in `handle_unverified_request'
  actionpack (4.2.3) lib/action_controller/metal/request_forgery_protection.rb:204:in `verify_authenticity_token'
  activesupport (4.2.3) lib/active_support/callbacks.rb:430:in `block in make_lambda'
  activesupport (4.2.3) lib/active_support/callbacks.rb:162:in `call'
  activesupport (4.2.3) lib/active_support/callbacks.rb:162:in `block in halting'
  activesupport (4.2.3) lib/active_support/callbacks.rb:502:in `call'
  activesupport (4.2.3) lib/active_support/callbacks.rb:502:in `block in call'
  activesupport (4.2.3) lib/active_support/callbacks.rb:502:in `each'
  activesupport (4.2.3) lib/active_support/callbacks.rb:502:in `call'
  activesupport (4.2.3) lib/active_support/callbacks.rb:88:in `run_callbacks'
  actionpack (4.2.3) lib/abstract_controller/callbacks.rb:19:in `process_action'
  actionpack (4.2.3) lib/action_controller/metal/rescue.rb:29:in `process_action'
  actionpack (4.2.3) lib/action_controller/metal/instrumentation.rb:32:in `block in process_action'
  activesupport (4.2.3) lib/active_support/notifications.rb:164:in `block in instrument'
  activesupport (4.2.3) lib/active_support/notifications/instrumenter.rb:20:in `instrument'
  activesupport (4.2.3) lib/active_support/notifications.rb:164:in `instrument'
  actionpack (4.2.3) lib/action_controller/metal/instrumentation.rb:30:in `process_action'
  actionpack (4.2.3) lib/action_controller/metal/params_wrapper.rb:250:in `process_action'
  activerecord (4.2.3) lib/active_record/railties/controller_runtime.rb:18:in `process_action'
  actionpack (4.2.3) lib/abstract_controller/base.rb:137:in `process'
  actionview (4.2.3) lib/action_view/rendering.rb:30:in `process'
  actionpack (4.2.3) lib/action_controller/metal.rb:196:in `dispatch'
  actionpack (4.2.3) lib/action_controller/metal/rack_delegation.rb:13:in `dispatch'
  actionpack (4.2.3) lib/action_controller/metal.rb:237:in `block in action'
  actionpack (4.2.3) lib/action_dispatch/routing/route_set.rb:76:in `call'
  actionpack (4.2.3) lib/action_dispatch/routing/route_set.rb:76:in `dispatch'
  actionpack (4.2.3) lib/action_dispatch/routing/route_set.rb:45:in `serve'
  actionpack (4.2.3) lib/action_dispatch/journey/router.rb:43:in `block in serve'
  actionpack (4.2.3) lib/action_dispatch/journey/router.rb:30:in `each'
  actionpack (4.2.3) lib/action_dispatch/journey/router.rb:30:in `serve'
  actionpack (4.2.3) lib/action_dispatch/routing/route_set.rb:821:in `call'
  rack (1.6.4) lib/rack/etag.rb:24:in `call'
  rack (1.6.4) lib/rack/conditionalget.rb:38:in `call'
  rack (1.6.4) lib/rack/head.rb:13:in `call'
  actionpack (4.2.3) lib/action_dispatch/middleware/params_parser.rb:27:in `call'
  actionpack (4.2.3) lib/action_dispatch/middleware/flash.rb:260:in `call'
  rack (1.6.4) lib/rack/session/abstract/id.rb:225:in `context'
  rack (1.6.4) lib/rack/session/abstract/id.rb:220:in `call'
  actionpack (4.2.3) lib/action_dispatch/middleware/cookies.rb:560:in `call'
  activerecord (4.2.3) lib/active_record/query_cache.rb:36:in `call'
  activerecord (4.2.3) lib/active_record/connection_adapters/abstract/connection_pool.rb:653:in `call'
  activerecord (4.2.3) lib/active_record/migration.rb:377:in `call'
  actionpack (4.2.3) lib/action_dispatch/middleware/callbacks.rb:29:in `block in call'
  activesupport (4.2.3) lib/active_support/callbacks.rb:84:in `run_callbacks'
  actionpack (4.2.3) lib/action_dispatch/middleware/callbacks.rb:27:in `call'
  actionpack (4.2.3) lib/action_dispatch/middleware/reloader.rb:73:in `call'
  actionpack (4.2.3) lib/action_dispatch/middleware/remote_ip.rb:78:in `call'
  actionpack (4.2.3) lib/action_dispatch/middleware/debug_exceptions.rb:17:in `call'
  web-console (2.2.1) lib/web_console/middleware.rb:39:in `call'
  actionpack (4.2.3) lib/action_dispatch/middleware/show_exceptions.rb:30:in `call'
  railties (4.2.3) lib/rails/rack/logger.rb:38:in `call_app'
  railties (4.2.3) lib/rails/rack/logger.rb:20:in `block in call'
  activesupport (4.2.3) lib/active_support/tagged_logging.rb:68:in `block in tagged'
  activesupport (4.2.3) lib/active_support/tagged_logging.rb:26:in `tagged'
  activesupport (4.2.3) lib/active_support/tagged_logging.rb:68:in `tagged'
  railties (4.2.3) lib/rails/rack/logger.rb:20:in `call'
  actionpack (4.2.3) lib/action_dispatch/middleware/request_id.rb:21:in `call'
  rack (1.6.4) lib/rack/methodoverride.rb:22:in `call'
  rack (1.6.4) lib/rack/runtime.rb:18:in `call'
  activesupport (4.2.3) lib/active_support/cache/strategy/local_cache_middleware.rb:28:in `call'
  rack (1.6.4) lib/rack/lock.rb:17:in `call'
  actionpack (4.2.3) lib/action_dispatch/middleware/static.rb:116:in `call'
  rack (1.6.4) lib/rack/sendfile.rb:113:in `call'
  railties (4.2.3) lib/rails/engine.rb:518:in `call'
  railties (4.2.3) lib/rails/application.rb:165:in `call'
  rack (1.6.4) lib/rack/lock.rb:17:in `call'
  rack (1.6.4) lib/rack/content_length.rb:15:in `call'
  rack (1.6.4) lib/rack/handler/webrick.rb:88:in `service'
  /home/authorised/.rvm/rubies/ruby-2.2.2/lib/ruby/2.2.0/webrick/httpserver.rb:138:in `service'
  /home/authorised/.rvm/rubies/ruby-2.2.2/lib/ruby/2.2.0/webrick/httpserver.rb:94:in `run'
  /home/authorised/.rvm/rubies/ruby-2.2.2/lib/ruby/2.2.0/webrick/server.rb:294:in `block in start_thread'


  Rendered /home/authorised/.rvm/gems/ruby-2.2.2@myawesomestartup/gems/actionpack-4.2.3/lib/action_dispatch/middleware/templates/rescues/_source.erb (2.8ms)
  Rendered /home/authorised/.rvm/gems/ruby-2.2.2@myawesomestartup/gems/actionpack-4.2.3/lib/action_dispatch/middleware/templates/rescues/_trace.html.erb (1.5ms)
  Rendered /home/authorised/.rvm/gems/ruby-2.2.2@myawesomestartup/gems/actionpack-4.2.3/lib/action_dispatch/middleware/templates/rescues/_request_and_response.html.erb (0.8ms)
  Rendered /home/authorised/.rvm/gems/ruby-2.2.2@myawesomestartup/gems/actionpack-4.2.3/lib/action_dispatch/middleware/templates/rescues/diagnostics.html.erb within rescues/layout (16.2ms)
  Rendered /home/authorised/.rvm/gems/ruby-2.2.2@myawesomestartup/gems/web-console-2.2.1/lib/web_console/templates/_markup.html.erb (0.2ms)
  Rendered /home/authorised/.rvm/gems/ruby-2.2.2@myawesomestartup/gems/web-console-2.2.1/lib/web_console/templates/_inner_console_markup.html.erb within layouts/inlined_string (0.3ms)
  Rendered /home/authorised/.rvm/gems/ruby-2.2.2@myawesomestartup/gems/web-console-2.2.1/lib/web_console/templates/_prompt_box_markup.html.erb within layouts/inlined_string (0.3ms)
  Rendered /home/authorised/.rvm/gems/ruby-2.2.2@myawesomestartup/gems/web-console-2.2.1/lib/web_console/templates/style.css.erb within layouts/inlined_string (0.3ms)
  Rendered /home/authorised/.rvm/gems/ruby-2.2.2@myawesomestartup/gems/web-console-2.2.1/lib/web_console/templates/console.js.erb within layouts/javascript (13.0ms)
  Rendered /home/authorised/.rvm/gems/ruby-2.2.2@myawesomestartup/gems/web-console-2.2.1/lib/web_console/templates/main.js.erb within layouts/javascript (0.4ms)
  Rendered /home/authorised/.rvm/gems/ruby-2.2.2@myawesomestartup/gems/web-console-2.2.1/lib/web_console/templates/error_page.js.erb within layouts/javascript (0.3ms)
  Rendered /home/authorised/.rvm/gems/ruby-2.2.2@myawesomestartup/gems/web-console-2.2.1/lib/web_console/templates/index.html.erb (26.5ms)


Started GET "/" for 127.0.0.1 at 2015-08-09 20:55:00 +0300
Processing by AwesomeController#index as HTML
  Rendered awesome/index.html.slim within layouts/application (0.0ms)
Completed 200 OK in 2ms (Views: 1.2ms | ActiveRecord: 0.0ms)


Started POST "/awesome" for 127.0.0.1 at 2015-08-09 20:55:02 +0300
Processing by AwesomeController#create as HTML
Can't verify CSRF token authenticity
Completed 500 Internal Server Error in 1ms (ActiveRecord: 0.0ms)

ArgumentError (invalid url: redis:):
  app/controllers/awesome_controller.rb:7:in `create'


  Rendered /home/authorised/.rvm/gems/ruby-2.2.2@myawesomestartup/gems/actionpack-4.2.3/lib/action_dispatch/middleware/templates/rescues/_source.erb (3.6ms)
  Rendered /home/authorised/.rvm/gems/ruby-2.2.2@myawesomestartup/gems/actionpack-4.2.3/lib/action_dispatch/middleware/templates/rescues/_trace.html.erb (1.6ms)
  Rendered /home/authorised/.rvm/gems/ruby-2.2.2@myawesomestartup/gems/actionpack-4.2.3/lib/action_dispatch/middleware/templates/rescues/_request_and_response.html.erb (0.6ms)
  Rendered /home/authorised/.rvm/gems/ruby-2.2.2@myawesomestartup/gems/actionpack-4.2.3/lib/action_dispatch/middleware/templates/rescues/diagnostics.html.erb within rescues/layout (16.3ms)
  Rendered /home/authorised/.rvm/gems/ruby-2.2.2@myawesomestartup/gems/web-console-2.2.1/lib/web_console/templates/_markup.html.erb (0.3ms)
  Rendered /home/authorised/.rvm/gems/ruby-2.2.2@myawesomestartup/gems/web-console-2.2.1/lib/web_console/templates/_inner_console_markup.html.erb within layouts/inlined_string (0.2ms)
  Rendered /home/authorised/.rvm/gems/ruby-2.2.2@myawesomestartup/gems/web-console-2.2.1/lib/web_console/templates/_prompt_box_markup.html.erb within layouts/inlined_string (0.3ms)
  Rendered /home/authorised/.rvm/gems/ruby-2.2.2@myawesomestartup/gems/web-console-2.2.1/lib/web_console/templates/style.css.erb within layouts/inlined_string (0.4ms)
  Rendered /home/authorised/.rvm/gems/ruby-2.2.2@myawesomestartup/gems/web-console-2.2.1/lib/web_console/templates/console.js.erb within layouts/javascript (12.7ms)
  Rendered /home/authorised/.rvm/gems/ruby-2.2.2@myawesomestartup/gems/web-console-2.2.1/lib/web_console/templates/main.js.erb within layouts/javascript (0.2ms)
  Rendered /home/authorised/.rvm/gems/ruby-2.2.2@myawesomestartup/gems/web-console-2.2.1/lib/web_console/templates/error_page.js.erb within layouts/javascript (0.3ms)
  Rendered /home/authorised/.rvm/gems/ruby-2.2.2@myawesomestartup/gems/web-console-2.2.1/lib/web_console/templates/index.html.erb (26.3ms)


Started POST "/console/repl_sessions/f96487f95fbbce492b0f89edff5508d7/trace" for 127.0.0.1 at 2015-08-09 20:55:19 +0300


Started POST "/awesome" for 127.0.0.1 at 2015-08-09 21:06:14 +0300
Processing by AwesomeController#create as HTML
Can't verify CSRF token authenticity
Completed 500 Internal Server Error in 2ms (ActiveRecord: 0.0ms)

ArgumentError (invalid url: redis:):
  app/controllers/awesome_controller.rb:7:in `create'


  Rendered /home/authorised/.rvm/gems/ruby-2.2.2@myawesomestartup/gems/actionpack-4.2.3/lib/action_dispatch/middleware/templates/rescues/_source.erb (3.6ms)
  Rendered /home/authorised/.rvm/gems/ruby-2.2.2@myawesomestartup/gems/actionpack-4.2.3/lib/action_dispatch/middleware/templates/rescues/_trace.html.erb (1.6ms)
  Rendered /home/authorised/.rvm/gems/ruby-2.2.2@myawesomestartup/gems/actionpack-4.2.3/lib/action_dispatch/middleware/templates/rescues/_request_and_response.html.erb (0.6ms)
  Rendered /home/authorised/.rvm/gems/ruby-2.2.2@myawesomestartup/gems/actionpack-4.2.3/lib/action_dispatch/middleware/templates/rescues/diagnostics.html.erb within rescues/layout (16.7ms)
  Rendered /home/authorised/.rvm/gems/ruby-2.2.2@myawesomestartup/gems/web-console-2.2.1/lib/web_console/templates/_markup.html.erb (0.2ms)
  Rendered /home/authorised/.rvm/gems/ruby-2.2.2@myawesomestartup/gems/web-console-2.2.1/lib/web_console/templates/_inner_console_markup.html.erb within layouts/inlined_string (0.4ms)
  Rendered /home/authorised/.rvm/gems/ruby-2.2.2@myawesomestartup/gems/web-console-2.2.1/lib/web_console/templates/_prompt_box_markup.html.erb within layouts/inlined_string (0.3ms)
  Rendered /home/authorised/.rvm/gems/ruby-2.2.2@myawesomestartup/gems/web-console-2.2.1/lib/web_console/templates/style.css.erb within layouts/inlined_string (0.5ms)
  Rendered /home/authorised/.rvm/gems/ruby-2.2.2@myawesomestartup/gems/web-console-2.2.1/lib/web_console/templates/console.js.erb within layouts/javascript (17.1ms)
  Rendered /home/authorised/.rvm/gems/ruby-2.2.2@myawesomestartup/gems/web-console-2.2.1/lib/web_console/templates/main.js.erb within layouts/javascript (0.2ms)
  Rendered /home/authorised/.rvm/gems/ruby-2.2.2@myawesomestartup/gems/web-console-2.2.1/lib/web_console/templates/error_page.js.erb within layouts/javascript (0.2ms)
  Rendered /home/authorised/.rvm/gems/ruby-2.2.2@myawesomestartup/gems/web-console-2.2.1/lib/web_console/templates/index.html.erb (31.2ms)


Started POST "/console/repl_sessions/1fd25f448df896f50bab84c8850b5428/trace" for 127.0.0.1 at 2015-08-09 21:06:42 +0300


Started POST "/awesome" for 127.0.0.1 at 2015-08-09 21:09:45 +0300
Processing by AwesomeController#create as HTML
Can't verify CSRF token authenticity
Completed 500 Internal Server Error in 2ms (ActiveRecord: 0.0ms)

ArgumentError (invalid url: redis:):
  app/controllers/awesome_controller.rb:7:in `create'


  Rendered /home/authorised/.rvm/gems/ruby-2.2.2@myawesomestartup/gems/actionpack-4.2.3/lib/action_dispatch/middleware/templates/rescues/_source.erb (3.5ms)
  Rendered /home/authorised/.rvm/gems/ruby-2.2.2@myawesomestartup/gems/actionpack-4.2.3/lib/action_dispatch/middleware/templates/rescues/_trace.html.erb (2.2ms)
  Rendered /home/authorised/.rvm/gems/ruby-2.2.2@myawesomestartup/gems/actionpack-4.2.3/lib/action_dispatch/middleware/templates/rescues/_request_and_response.html.erb (0.6ms)
  Rendered /home/authorised/.rvm/gems/ruby-2.2.2@myawesomestartup/gems/actionpack-4.2.3/lib/action_dispatch/middleware/templates/rescues/diagnostics.html.erb within rescues/layout (17.9ms)
  Rendered /home/authorised/.rvm/gems/ruby-2.2.2@myawesomestartup/gems/web-console-2.2.1/lib/web_console/templates/_markup.html.erb (3.3ms)
  Rendered /home/authorised/.rvm/gems/ruby-2.2.2@myawesomestartup/gems/web-console-2.2.1/lib/web_console/templates/_inner_console_markup.html.erb within layouts/inlined_string (0.3ms)
  Rendered /home/authorised/.rvm/gems/ruby-2.2.2@myawesomestartup/gems/web-console-2.2.1/lib/web_console/templates/_prompt_box_markup.html.erb within layouts/inlined_string (0.2ms)
  Rendered /home/authorised/.rvm/gems/ruby-2.2.2@myawesomestartup/gems/web-console-2.2.1/lib/web_console/templates/style.css.erb within layouts/inlined_string (0.2ms)
  Rendered /home/authorised/.rvm/gems/ruby-2.2.2@myawesomestartup/gems/web-console-2.2.1/lib/web_console/templates/console.js.erb within layouts/javascript (13.3ms)
  Rendered /home/authorised/.rvm/gems/ruby-2.2.2@myawesomestartup/gems/web-console-2.2.1/lib/web_console/templates/main.js.erb within layouts/javascript (0.2ms)
  Rendered /home/authorised/.rvm/gems/ruby-2.2.2@myawesomestartup/gems/web-console-2.2.1/lib/web_console/templates/error_page.js.erb within layouts/javascript (0.2ms)
  Rendered /home/authorised/.rvm/gems/ruby-2.2.2@myawesomestartup/gems/web-console-2.2.1/lib/web_console/templates/index.html.erb (30.4ms)


Started POST "/awesome" for 127.0.0.1 at 2015-08-09 21:10:21 +0300
Processing by AwesomeController#create as HTML
Can't verify CSRF token authenticity
Completed 500 Internal Server Error in 1ms (ActiveRecord: 0.0ms)

ArgumentError (invalid url: redis:):
  app/controllers/awesome_controller.rb:7:in `create'


  Rendered /home/authorised/.rvm/gems/ruby-2.2.2@myawesomestartup/gems/actionpack-4.2.3/lib/action_dispatch/middleware/templates/rescues/_source.erb (3.7ms)
  Rendered /home/authorised/.rvm/gems/ruby-2.2.2@myawesomestartup/gems/actionpack-4.2.3/lib/action_dispatch/middleware/templates/rescues/_trace.html.erb (4.9ms)
  Rendered /home/authorised/.rvm/gems/ruby-2.2.2@myawesomestartup/gems/actionpack-4.2.3/lib/action_dispatch/middleware/templates/rescues/_request_and_response.html.erb (0.8ms)
  Rendered /home/authorised/.rvm/gems/ruby-2.2.2@myawesomestartup/gems/actionpack-4.2.3/lib/action_dispatch/middleware/templates/rescues/diagnostics.html.erb within rescues/layout (20.9ms)
  Rendered /home/authorised/.rvm/gems/ruby-2.2.2@myawesomestartup/gems/web-console-2.2.1/lib/web_console/templates/_markup.html.erb (0.2ms)
  Rendered /home/authorised/.rvm/gems/ruby-2.2.2@myawesomestartup/gems/web-console-2.2.1/lib/web_console/templates/_inner_console_markup.html.erb within layouts/inlined_string (0.2ms)
  Rendered /home/authorised/.rvm/gems/ruby-2.2.2@myawesomestartup/gems/web-console-2.2.1/lib/web_console/templates/_prompt_box_markup.html.erb within layouts/inlined_string (0.3ms)
  Rendered /home/authorised/.rvm/gems/ruby-2.2.2@myawesomestartup/gems/web-console-2.2.1/lib/web_console/templates/style.css.erb within layouts/inlined_string (0.2ms)
  Rendered /home/authorised/.rvm/gems/ruby-2.2.2@myawesomestartup/gems/web-console-2.2.1/lib/web_console/templates/console.js.erb within layouts/javascript (12.9ms)
  Rendered /home/authorised/.rvm/gems/ruby-2.2.2@myawesomestartup/gems/web-console-2.2.1/lib/web_console/templates/main.js.erb within layouts/javascript (0.2ms)
  Rendered /home/authorised/.rvm/gems/ruby-2.2.2@myawesomestartup/gems/web-console-2.2.1/lib/web_console/templates/error_page.js.erb within layouts/javascript (0.4ms)
  Rendered /home/authorised/.rvm/gems/ruby-2.2.2@myawesomestartup/gems/web-console-2.2.1/lib/web_console/templates/index.html.erb (25.8ms)


Started POST "/awesome" for 127.0.0.1 at 2015-08-09 21:12:01 +0300
Processing by AwesomeController#create as HTML
Can't verify CSRF token authenticity
Redirected to http://0.0.0.0:3000/
Completed 302 Found in 3ms (ActiveRecord: 0.0ms)


Started GET "/" for 127.0.0.1 at 2015-08-09 21:12:01 +0300
Processing by AwesomeController#index as HTML
Mysql2::Error: Table 'myawesomestartup_development.smiles' doesn't exist: SHOW FULL FIELDS FROM `smiles`
  Rendered awesome/index.html.slim within layouts/application (21.2ms)
Completed 200 OK in 34ms (Views: 28.0ms | ActiveRecord: 0.0ms)
Mysql2::Error: Table 'myawesomestartup_development.smiles' doesn't exist: SHOW FULL FIELDS FROM `smiles`
Mysql2::Error: Table 'myawesomestartup_development.smiles' doesn't exist: SHOW FULL FIELDS FROM `smiles`
Mysql2::Error: Table 'myawesomestartup_development.smiles' doesn't exist: SHOW FULL FIELDS FROM `smiles`
Mysql2::Error: Table 'myawesomestartup_development.smiles' doesn't exist: SHOW FULL FIELDS FROM `smiles`
Mysql2::Error: Table 'myawesomestartup_development.smiles' doesn't exist: SHOW FULL FIELDS FROM `smiles`
Mysql2::Error: Table 'myawesomestartup_development.smiles' doesn't exist: SHOW FULL FIELDS FROM `smiles`
  [1m[36mActiveRecord::SchemaMigration Load (0.1ms)[0m  [1mSELECT `schema_migrations`.* FROM `schema_migrations`[0m
Migrating to CreateSmiles (20150809184625)
DEPRECATION WARNING: `#timestamps` was called without specifying an option for `null`. In Rails 5, this behavior will change to `null: false`. You should manually specify `null: true` to prevent the behavior of your existing migrations from changing. (called from block in change at /home/authorised/projects/myawesomestartup/db/migrate/20150809184625_create_smiles.rb:5)
  [1m[35m (13.8ms)[0m  CREATE TABLE `smiles` (`id` int(11) auto_increment PRIMARY KEY, `smiles` varchar(255), `created_at` datetime, `updated_at` datetime) ENGINE=InnoDB
  [1m[36m (0.1ms)[0m  [1mBEGIN[0m
  [1m[35mSQL (0.2ms)[0m  INSERT INTO `schema_migrations` (`version`) VALUES ('20150809184625')
  [1m[36m (11.3ms)[0m  [1mCOMMIT[0m
  [1m[35mActiveRecord::SchemaMigration Load (0.2ms)[0m  SELECT `schema_migrations`.* FROM `schema_migrations`
  [1m[36m (0.2ms)[0m  [1mSELECT fk.referenced_table_name as 'to_table'
      ,fk.referenced_column_name as 'primary_key'
      ,fk.column_name as 'column'
      ,fk.constraint_name as 'name'
FROM information_schema.key_column_usage fk
WHERE fk.referenced_column_name is not null
  AND fk.table_schema = 'myawesomestartup_development'
  AND fk.table_name = 'smiles'
[0m
  [1m[35m (0.1ms)[0m  SHOW CREATE TABLE `smiles`


Started POST "/awesome" for 127.0.0.1 at 2015-08-09 21:49:11 +0300
  [1m[36mActiveRecord::SchemaMigration Load (0.1ms)[0m  [1mSELECT `schema_migrations`.* FROM `schema_migrations`[0m
Processing by AwesomeController#create as HTML
Can't verify CSRF token authenticity
Redirected to http://0.0.0.0:3000/
Completed 302 Found in 2ms (ActiveRecord: 0.0ms)


Started GET "/" for 127.0.0.1 at 2015-08-09 21:49:11 +0300
Processing by AwesomeController#index as HTML
  [1m[36m (0.1ms)[0m  [1mBEGIN[0m
  [1m[35mSQL (0.1ms)[0m  INSERT INTO `smiles` (`smiles`, `created_at`, `updated_at`) VALUES (':)', '2015-08-09 18:49:11', '2015-08-09 18:49:11')
  [1m[36m (11.3ms)[0m  [1mCOMMIT[0m
  Rendered awesome/index.html.slim within layouts/application (11.2ms)
Completed 200 OK in 30ms (Views: 23.7ms | ActiveRecord: 0.0ms)
